# JRE version: OpenJDK Runtime Environment (8.0_212-b04) (build 1.8.0_212-release-1586-b04)
# Java VM: OpenJDK 64-Bit Server VM (25.212-b04 mixed mode windows-amd64 compressed oops)
Heap:
 PSYoungGen      total 387072K, used 244874K [0x00000000e0000000, 0x00000000ff780000, 0x0000000100000000)
  eden space 259584K, 88% used [0x00000000e0000000,0x00000000ee0a5cb8,0x00000000efd80000)
  from space 127488K, 11% used [0x00000000f7800000,0x00000000f867ce10,0x00000000ff480000)
  to   space 125440K, 0% used [0x00000000efd80000,0x00000000efd80000,0x00000000f7800000)
 ParOldGen       total 717312K, used 288273K [0x00000000a0000000, 0x00000000cbc80000, 0x00000000e0000000)
  object space 717312K, 40% used [0x00000000a0000000,0x00000000b1984718,0x00000000cbc80000)
 Metaspace       used 237608K, capacity 250070K, committed 269208K, reserved 1286144K
  class space    used 27414K, capacity 29806K, committed 32408K, reserved 1048576K
GC Heap History (10 events):
Event: 6143.250 GC heap before
{Heap before GC invocations=205 (full 10):
 PSYoungGen      total 376320K, used 295073K [0x00000000e0000000, 0x0000000100000000, 0x0000000100000000)
  eden space 232448K, 100% used [0x00000000e0000000,0x00000000ee300000,0x00000000ee300000)
  from space 143872K, 43% used [0x00000000f6900000,0x00000000fa628688,0x00000000ff580000)
  to   space 137216K, 0% used [0x00000000ee300000,0x00000000ee300000,0x00000000f6900000)
 ParOldGen       total 577536K, used 500721K [0x00000000a0000000, 0x00000000c3400000, 0x00000000e0000000)
  object space 577536K, 86% used [0x00000000a0000000,0x00000000be8fc5d8,0x00000000c3400000)
 Metaspace       used 256948K, capacity 270926K, committed 271256K, reserved 1288192K
  class space    used 29515K, capacity 32268K, committed 32408K, reserved 1048576K
Event: 6143.290 GC heap after
Heap after GC invocations=205 (full 10):
 PSYoungGen      total 369664K, used 26905K [0x00000000e0000000, 0x00000000ff480000, 0x0000000100000000)
  eden space 232448K, 0% used [0x00000000e0000000,0x00000000e0000000,0x00000000ee300000)
  from space 137216K, 19% used [0x00000000ee300000,0x00000000efd46640,0x00000000f6900000)
  to   space 134656K, 0% used [0x00000000f7100000,0x00000000f7100000,0x00000000ff480000)
 ParOldGen       total 577536K, used 559174K [0x00000000a0000000, 0x00000000c3400000, 0x00000000e0000000)
  object space 577536K, 96% used [0x00000000a0000000,0x00000000c2211998,0x00000000c3400000)
 Metaspace       used 256948K, capacity 270926K, committed 271256K, reserved 1288192K
  class space    used 29515K, capacity 32268K, committed 32408K, reserved 1048576K
}
Event: 6143.290 GC heap before
{Heap before GC invocations=206 (full 11):
 PSYoungGen      total 369664K, used 26905K [0x00000000e0000000, 0x00000000ff480000, 0x0000000100000000)
  eden space 232448K, 0% used [0x00000000e0000000,0x00000000e0000000,0x00000000ee300000)
  from space 137216K, 19% used [0x00000000ee300000,0x00000000efd46640,0x00000000f6900000)
  to   space 134656K, 0% used [0x00000000f7100000,0x00000000f7100000,0x00000000ff480000)
 ParOldGen       total 577536K, used 559174K [0x00000000a0000000, 0x00000000c3400000, 0x00000000e0000000)
  object space 577536K, 96% used [0x00000000a0000000,0x00000000c2211998,0x00000000c3400000)
 Metaspace       used 256948K, capacity 270926K, committed 271256K, reserved 1288192K
  class space    used 29515K, capacity 32268K, committed 32408K, reserved 1048576K
Event: 6144.000 GC heap after
Heap after GC invocations=206 (full 11):
 PSYoungGen      total 369664K, used 0K [0x00000000e0000000, 0x00000000ff480000, 0x0000000100000000)
  eden space 232448K, 0% used [0x00000000e0000000,0x00000000e0000000,0x00000000ee300000)
  from space 137216K, 0% used [0x00000000ee300000,0x00000000ee300000,0x00000000f6900000)
  to   space 134656K, 0% used [0x00000000f7100000,0x00000000f7100000,0x00000000ff480000)
 ParOldGen       total 717312K, used 279256K [0x00000000a0000000, 0x00000000cbc80000, 0x00000000e0000000)
  object space 717312K, 38% used [0x00000000a0000000,0x00000000b10b6318,0x00000000cbc80000)
 Metaspace       used 237505K, capacity 249938K, committed 269208K, reserved 1286144K
  class space    used 27402K, capacity 29784K, committed 32408K, reserved 1048576K
}
Event: 6144.345 GC heap before
{Heap before GC invocations=207 (full 11):
 PSYoungGen      total 369664K, used 232448K [0x00000000e0000000, 0x00000000ff480000, 0x0000000100000000)
  eden space 232448K, 100% used [0x00000000e0000000,0x00000000ee300000,0x00000000ee300000)
  from space 137216K, 0% used [0x00000000ee300000,0x00000000ee300000,0x00000000f6900000)
  to   space 134656K, 0% used [0x00000000f7100000,0x00000000f7100000,0x00000000ff480000)
 ParOldGen       total 717312K, used 279256K [0x00000000a0000000, 0x00000000cbc80000, 0x00000000e0000000)
  object space 717312K, 38% used [0x00000000a0000000,0x00000000b10b6318,0x00000000cbc80000)
 Metaspace       used 237507K, capacity 249938K, committed 269208K, reserved 1286144K
  class space    used 27402K, capacity 29784K, committed 32408K, reserved 1048576K
Event: 6144.356 GC heap after
Heap after GC invocations=207 (full 11):
 PSYoungGen      total 380416K, used 21551K [0x00000000e0000000, 0x00000000ff880000, 0x0000000100000000)
  eden space 245760K, 0% used [0x00000000e0000000,0x00000000e0000000,0x00000000ef000000)
  from space 134656K, 16% used [0x00000000f7100000,0x00000000f860bf20,0x00000000ff480000)
  to   space 132096K, 0% used [0x00000000ef000000,0x00000000ef000000,0x00000000f7100000)
 ParOldGen       total 717312K, used 279256K [0x00000000a0000000, 0x00000000cbc80000, 0x00000000e0000000)
  object space 717312K, 38% used [0x00000000a0000000,0x00000000b10b6318,0x00000000cbc80000)
 Metaspace       used 237507K, capacity 249938K, committed 269208K, reserved 1286144K
  class space    used 27402K, capacity 29784K, committed 32408K, reserved 1048576K
}
Event: 6228.960 GC heap before
{Heap before GC invocations=208 (full 11):
 PSYoungGen      total 380416K, used 267311K [0x00000000e0000000, 0x00000000ff880000, 0x0000000100000000)
  eden space 245760K, 100% used [0x00000000e0000000,0x00000000ef000000,0x00000000ef000000)
  from space 134656K, 16% used [0x00000000f7100000,0x00000000f860bf20,0x00000000ff480000)
  to   space 132096K, 0% used [0x00000000ef000000,0x00000000ef000000,0x00000000f7100000)
 ParOldGen       total 717312K, used 279256K [0x00000000a0000000, 0x00000000cbc80000, 0x00000000e0000000)
  object space 717312K, 38% used [0x00000000a0000000,0x00000000b10b6318,0x00000000cbc80000)
 Metaspace       used 237517K, capacity 249938K, committed 269208K, reserved 1286144K
  class space    used 27402K, capacity 29784K, committed 32408K, reserved 1048576K
Event: 6228.979 GC heap after
Heap after GC invocations=208 (full 11):
 PSYoungGen      total 377856K, used 29948K [0x00000000e0000000, 0x00000000ff480000, 0x0000000100000000)
  eden space 245760K, 0% used [0x00000000e0000000,0x00000000e0000000,0x00000000ef000000)
  from space 132096K, 22% used [0x00000000ef000000,0x00000000f0d3f310,0x00000000f7100000)
  to   space 127488K, 0% used [0x00000000f7800000,0x00000000f7800000,0x00000000ff480000)
 ParOldGen       total 717312K, used 284635K [0x00000000a0000000, 0x00000000cbc80000, 0x00000000e0000000)
  object space 717312K, 39% used [0x00000000a0000000,0x00000000b15f6d28,0x00000000cbc80000)
 Metaspace       used 237517K, capacity 249938K, committed 269208K, reserved 1286144K
  class space    used 27402K, capacity 29784K, committed 32408K, reserved 1048576K
}
Event: 6239.712 GC heap before
{Heap before GC invocations=209 (full 11):
 PSYoungGen      total 377856K, used 275708K [0x00000000e0000000, 0x00000000ff480000, 0x0000000100000000)
  eden space 245760K, 100% used [0x00000000e0000000,0x00000000ef000000,0x00000000ef000000)
  from space 132096K, 22% used [0x00000000ef000000,0x00000000f0d3f310,0x00000000f7100000)
  to   space 127488K, 0% used [0x00000000f7800000,0x00000000f7800000,0x00000000ff480000)
 ParOldGen       total 717312K, used 284635K [0x00000000a0000000, 0x00000000cbc80000, 0x00000000e0000000)
  object space 717312K, 39% used [0x00000000a0000000,0x00000000b15f6d28,0x00000000cbc80000)
 Metaspace       used 237607K, capacity 250070K, committed 269208K, reserved 1286144K
  class space    used 27414K, capacity 29806K, committed 32408K, reserved 1048576K
Event: 6239.724 GC heap after
Heap after GC invocations=209 (full 11):
 PSYoungGen      total 387072K, used 14835K [0x00000000e0000000, 0x00000000ff780000, 0x0000000100000000)
  eden space 259584K, 0% used [0x00000000e0000000,0x00000000e0000000,0x00000000efd80000)
  from space 127488K, 11% used [0x00000000f7800000,0x00000000f867ce10,0x00000000ff480000)
  to   space 125440K, 0% used [0x00000000efd80000,0x00000000efd80000,0x00000000f7800000)
 ParOldGen       total 717312K, used 288273K [0x00000000a0000000, 0x00000000cbc80000, 0x00000000e0000000)
  object space 717312K, 40% used [0x00000000a0000000,0x00000000b1984718,0x00000000cbc80000)
 Metaspace       used 237607K, capacity 250070K, committed 269208K, reserved 1286144K
  class space    used 27414K, capacity 29806K, committed 32408K, reserved 1048576K
}

